<?xml version="1.0" encoding="UTF-8"?>
<testsuite xmlns:xsi="http://www.w3.org/2001/XMLSchema-instance" xsi:noNamespaceSchemaLocation="https://maven.apache.org/surefire/maven-surefire-plugin/xsd/surefire-test-report-3.0.xsd" version="3.0" name="edu.examen.marzo2025.persistencia.test.DaoTest" time="4.156" tests="3" errors="0" skipped="0" failures="0">
  <properties>
[...]
</properties>
  <testcase name="testNumeroPreguntasDelExamen" classname="edu.examen.marzo2025.persistencia.test.DaoTest" time="3.645">
    <system-out><![CDATA[2025-03-10 22:34:53 [main] INFO  org.hibernate.Version - HHH000412: Hibernate ORM core version 6.6.4.Final
2025-03-10 22:34:53 [main] INFO  org.hibernate.cache.internal.RegionFactoryInitiator - HHH000026: Second-level cache disabled
2025-03-10 22:34:53 [main] WARN  org.hibernate.orm.connections.pooling - HHH10001002: Using built-in connection pool (not intended for production use)
2025-03-10 22:34:54 [main] WARN  org.hibernate.orm.deprecation - HHH90000025: MySQLDialect does not need to be specified explicitly using 'hibernate.dialect' (remove the property setting and it will be selected by default)
2025-03-10 22:34:54 [main] INFO  org.hibernate.orm.connections.pooling - HHH10001005: Database info:
	Database JDBC URL [jdbc:mysql://localhost:3306/Examen2]
	Database driver: com.mysql.cj.jdbc.Driver
	Database version: 8.0.40
	Autocommit mode: false
	Isolation level: undefined/unknown
	Minimum pool size: 1
	Maximum pool size: 20
2025-03-10 22:34:55 [main] INFO  org.hibernate.engine.transaction.jta.platform.internal.JtaPlatformInitiator - HHH000489: No JTA platform available (set 'hibernate.transaction.jta.platform' to enable JTA platform integration)
2025-03-10 22:34:55 [main] INFO  org.hibernate.orm.connections.access - HHH10001501: Connection obtained from JdbcConnectionAccess [org.hibernate.engine.jdbc.env.internal.JdbcEnvironmentInitiator$ConnectionProviderJdbcConnectionAccess@5604b85] for (non-JTA) DDL execution was not in auto-commit mode; the Connection 'local transaction' will be committed and the Connection will be set into auto-commit mode.
Hibernate: 
    create table examen (
        id integer not null auto_increment,
        curso integer not null,
        fecha date not null,
        grupo varchar(10),
        primary key (id)
    ) engine=InnoDB
Hibernate: 
    create table preguntaDeExamen (
        id integer not null auto_increment,
        posicion integer not null,
        id_examen integer not null,
        id_pregunta integer not null,
        primary key (id)
    ) engine=InnoDB
Hibernate: 
    create table preguntas (
        id integer not null auto_increment,
        nombre varchar(50) not null,
        num_opciones integer,
        respuesta_correcta integer,
        primary key (id)
    ) engine=InnoDB
Hibernate: 
    alter table preguntas 
       drop index UK8odtj1glshy1vbutrekcgcimq
Hibernate: 
    alter table preguntas 
       add constraint UK8odtj1glshy1vbutrekcgcimq unique (nombre)
Hibernate: 
    alter table preguntaDeExamen 
       add constraint FK7hfluwdbktjdxdncmjw1oblm1 
       foreign key (id_examen) 
       references examen (id)
Hibernate: 
    alter table preguntaDeExamen 
       add constraint FK4yh9o7h6h3fcca626b810lt7u 
       foreign key (id_pregunta) 
       references preguntas (id)
Hibernate: 
    insert 
    into
        examen
        (curso, fecha, grupo) 
    values
        (?, ?, ?)
2025-03-10 22:34:56 [main] INFO  edu.examen.marzo2025.persistencia.ExamenesDAOImpl - Se ha añadido un examen con éxito.
2025-03-10 22:34:56 [main] INFO  edu.examen.marzo2025.persistencia.ExamenesDAOImpl - Exámenes recuperados con éxito.
Hibernate: 
    select
        e1_0.id,
        e1_0.curso,
        e1_0.fecha,
        e1_0.grupo 
    from
        examen e1_0
Hibernate: 
    insert 
    into
        preguntas
        (nombre, num_opciones, respuesta_correcta) 
    values
        (?, ?, ?)
2025-03-10 22:34:56 [main] INFO  edu.examen.marzo2025.persistencia.ExamenesDAOImpl - Se ha añadido una pregunta con éxito.
2025-03-10 22:34:56 [main] INFO  edu.examen.marzo2025.persistencia.ExamenesDAOImpl - Preguntas recuperados con éxito.
Hibernate: 
    select
        p1_0.id,
        p1_0.nombre,
        p1_0.num_opciones,
        p1_0.respuesta_correcta 
    from
        preguntas p1_0
Hibernate: 
    select
        e1_0.id,
        e1_0.curso,
        e1_0.fecha,
        e1_0.grupo 
    from
        examen e1_0 
    where
        e1_0.id=?
Hibernate: 
    select
        p1_0.id,
        p1_0.nombre,
        p1_0.num_opciones,
        p1_0.respuesta_correcta 
    from
        preguntas p1_0 
    where
        p1_0.id=?
Hibernate: 
    select
        coalesce(max(pde1_0.posicion), 0) 
    from
        preguntaDeExamen pde1_0 
    where
        pde1_0.id_examen=?
Hibernate: 
    insert 
    into
        preguntaDeExamen
        (id_examen, posicion, id_pregunta) 
    values
        (?, ?, ?)
2025-03-10 22:34:56 [main] INFO  edu.examen.marzo2025.persistencia.ExamenesDAOImpl - Se ha añadido una pregunta a un examen con éxito.
Hibernate: 
    select
        count(pde1_0.id) 
    from
        preguntaDeExamen pde1_0 
    where
        pde1_0.id_examen=?
2025-03-10 22:34:56 [main] INFO  edu.examen.marzo2025.persistencia.ExamenesDAOImpl - Se han recuperado el numero de preguntascon éxito. Un total de: 1
Hibernate: 
    select
        p1_0.id,
        p1_0.nombre,
        p1_0.num_opciones,
        p1_0.respuesta_correcta 
    from
        preguntas p1_0 
    where
        p1_0.id=?
Hibernate: 
    select
        pde1_0.id_pregunta,
        pde1_0.id,
        pde1_0.id_examen,
        e1_0.id,
        e1_0.curso,
        e1_0.fecha,
        e1_0.grupo,
        pde1_0.posicion 
    from
        preguntaDeExamen pde1_0 
    left join
        examen e1_0 
            on e1_0.id=pde1_0.id_examen 
    where
        pde1_0.id_pregunta=?
Hibernate: 
    delete 
    from
        preguntaDeExamen 
    where
        id=?
Hibernate: 
    delete 
    from
        preguntas 
    where
        id=?
Hibernate: 
    select
        e1_0.id,
        e1_0.curso,
        e1_0.fecha,
        e1_0.grupo 
    from
        examen e1_0 
    where
        e1_0.id=?
Hibernate: 
    select
        pde1_0.id_examen,
        pde1_0.id,
        pde1_0.posicion,
        pde1_0.id_pregunta,
        p1_0.id,
        p1_0.nombre,
        p1_0.num_opciones,
        p1_0.respuesta_correcta 
    from
        preguntaDeExamen pde1_0 
    left join
        preguntas p1_0 
            on p1_0.id=pde1_0.id_pregunta 
    where
        pde1_0.id_examen=?
Hibernate: 
    delete 
    from
        examen 
    where
        id=?
]]></system-out>
  </testcase>
  <testcase name="testCorrecto" classname="edu.examen.marzo2025.persistencia.test.DaoTest" time="0.0"/>
  <testcase name="testRecuperarExamenes" classname="edu.examen.marzo2025.persistencia.test.DaoTest" time="0.001">
    <system-out><![CDATA[2025-03-10 22:34:56 [main] INFO  edu.examen.marzo2025.persistencia.ExamenesDAOImpl - Exámenes recuperados con éxito.
Hibernate: 
    select
        e1_0.id,
        e1_0.curso,
        e1_0.fecha,
        e1_0.grupo 
    from
        examen e1_0
]]></system-out>
  </testcase>
</testsuite>